I:\LOCALCOPY\FSTI_BLOCK_2.0\FSTI_INPUT\X64\RELEASE\BLOCKOPTIONS.OBJ
I:\localCopy\FSTI_block_2.0\FSTI_input\x64\Release\cl.command.1.tlog
I:\localCopy\FSTI_block_2.0\FSTI_input\x64\Release\CL.read.1.tlog
I:\localCopy\FSTI_block_2.0\FSTI_input\x64\Release\CL.write.1.tlog
I:\localCopy\FSTI_block_2.0\FSTI_input\x64\Release\FSTI_input.write.1.tlog
I:\LOCALCOPY\FSTI_BLOCK_2.0\FSTI_INPUT\X64\RELEASE\GEOMETRY.OBJ
I:\LOCALCOPY\FSTI_BLOCK_2.0\FSTI_INPUT\X64\RELEASE\INPUT.OBJ
I:\LOCALCOPY\FSTI_BLOCK_2.0\FSTI_INPUT\X64\RELEASE\INPUTFILE.OBJ
I:\localCopy\FSTI_block_2.0\FSTI_input\x64\Release\lib.command.1.tlog
I:\localCopy\FSTI_block_2.0\FSTI_input\x64\Release\Lib-link.read.1.tlog
I:\localCopy\FSTI_block_2.0\FSTI_input\x64\Release\Lib-link.write.1.tlog
I:\LOCALCOPY\FSTI_BLOCK_2.0\FSTI_INPUT\X64\RELEASE\LOGGER.OBJ
I:\LOCALCOPY\FSTI_BLOCK_2.0\FSTI_INPUT\X64\RELEASE\LUBRICATIONMODULE.OBJ
I:\LOCALCOPY\FSTI_BLOCK_2.0\FSTI_INPUT\X64\RELEASE\MATERIALS.OBJ
I:\LOCALCOPY\FSTI_BLOCK_2.0\FSTI_INPUT\X64\RELEASE\OIL.OBJ
I:\LOCALCOPY\FSTI_BLOCK_2.0\FSTI_INPUT\X64\RELEASE\OPERATINGCONDITIONS.OBJ
I:\LOCALCOPY\FSTI_BLOCK_2.0\FSTI_INPUT\X64\RELEASE\PISTONOPTIONS.OBJ
I:\LOCALCOPY\FSTI_BLOCK_2.0\FSTI_INPUT\X64\RELEASE\PMODULE.OBJ
I:\LOCALCOPY\FSTI_BLOCK_2.0\FSTI_INPUT\X64\RELEASE\SECTION.OBJ
I:\LOCALCOPY\FSTI_BLOCK_2.0\FSTI_INPUT\X64\RELEASE\SLIPPEROPTIONS.OBJ
I:\LOCALCOPY\FSTI_BLOCK_2.0\FSTI_INPUT\X64\RELEASE\THERMALFILE.OBJ
I:\LOCALCOPY\FSTI_BLOCK_2.0\FSTI_INPUT\X64\RELEASE\VC100.PDB
I:\LOCALCOPY\FSTI_BLOCK_2.0\X64\RELEASE\FSTI_INPUT.LIB
