I:\localCopy\FSTI\piston\Caspar\main\x64\Release\CGapInput.obj
I:\localCopy\FSTI\piston\Caspar\main\x64\Release\CGapODE.obj
I:\localCopy\FSTI\piston\Caspar\main\x64\Release\CGapUtils.obj
I:\localCopy\FSTI\piston\Caspar\main\x64\Release\CL.11424.read.1.tlog
I:\localCopy\FSTI\piston\Caspar\main\x64\Release\CL.11424.write.1.tlog
I:\localCopy\FSTI\piston\Caspar\main\x64\Release\CL.15492.read.1.tlog
I:\localCopy\FSTI\piston\Caspar\main\x64\Release\CL.15492.write.1.tlog
I:\localCopy\FSTI\piston\Caspar\main\x64\Release\CL.16928.read.1.tlog
I:\localCopy\FSTI\piston\Caspar\main\x64\Release\CL.16928.write.1.tlog
I:\localCopy\FSTI\piston\Caspar\main\x64\Release\CL.19752.read.1.tlog
I:\localCopy\FSTI\piston\Caspar\main\x64\Release\CL.19752.write.1.tlog
I:\localCopy\FSTI\piston\Caspar\main\x64\Release\CL.3644.read.1.tlog
I:\localCopy\FSTI\piston\Caspar\main\x64\Release\CL.3644.write.1.tlog
I:\localCopy\FSTI\piston\Caspar\main\x64\Release\CL.4032.read.1.tlog
I:\localCopy\FSTI\piston\Caspar\main\x64\Release\CL.4032.write.1.tlog
I:\localCopy\FSTI\piston\Caspar\main\x64\Release\CL.6228.read.1.tlog
I:\localCopy\FSTI\piston\Caspar\main\x64\Release\CL.6228.write.1.tlog
I:\localCopy\FSTI\piston\Caspar\main\x64\Release\CL.7036.read.1.tlog
I:\localCopy\FSTI\piston\Caspar\main\x64\Release\CL.7036.write.1.tlog
I:\localCopy\FSTI\piston\Caspar\main\x64\Release\cl.command.1.tlog
I:\localCopy\FSTI\piston\Caspar\main\x64\Release\CL.read.1.tlog
I:\localCopy\FSTI\piston\Caspar\main\x64\Release\cl.write.1.tlog
I:\localCopy\FSTI\piston\Caspar\main\x64\Release\CNewtonIteration.obj
I:\localCopy\FSTI\piston\Caspar\main\x64\Release\CPistonGap.obj
I:\localCopy\FSTI\piston\Caspar\main\x64\Release\CPistonGapdF.obj
I:\localCopy\FSTI\piston\Caspar\main\x64\Release\CPistonGapFEM.obj
I:\localCopy\FSTI\piston\Caspar\main\x64\Release\CPistonGapGS.obj
I:\localCopy\FSTI\piston\Caspar\main\x64\Release\CPistonGapHD.obj
I:\localCopy\FSTI\piston\Caspar\main\x64\Release\CPistonGapMG.obj
I:\localCopy\FSTI\piston\Caspar\main\x64\Release\CPistonGapThermal.obj
I:\localCopy\FSTI\piston\Caspar\main\x64\Release\CPressure.obj
I:\localCopy\FSTI\piston\Caspar\main\x64\Release\fsti_piston.exp
I:\localCopy\FSTI\piston\Caspar\main\x64\Release\link.command.1.tlog
I:\localCopy\FSTI\piston\Caspar\main\x64\Release\link.read.1.tlog
I:\localCopy\FSTI\piston\Caspar\main\x64\Release\link.write.1.tlog
I:\localCopy\FSTI\piston\Caspar\main\x64\Release\logger.obj
I:\localCopy\FSTI\piston\Caspar\main\x64\Release\main.obj
I:\localCopy\FSTI\piston\Caspar\main\x64\Release\oil.obj
I:\localCopy\FSTI\piston\Caspar\main\x64\Release\piston.write.1.tlog
I:\LOCALCOPY\FSTI\PISTON\CASPAR\MAIN\X64\RELEASE\VC100.PDB
