  block_gap.cpp
E:\New folder\localCopy\FSTI_block_2.0\interpolation\interpl_grid.h(25,17): warning C4267: 'return': conversion from 'size_t' to 'int', possible loss of data
E:\New folder\localCopy\FSTI_block_2.0\interpolation\interpl_grid.h(26,17): warning C4267: 'return': conversion from 'size_t' to 'int', possible loss of data
E:\New folder\localCopy\FSTI_block_2.0\FSTI_block_gap\p_file.h(4,11): fatal error C1083: Cannot open include file: 'gsl/gsl_errno.h': No such file or directory
  block_gap_main.cpp
E:\New folder\localCopy\FSTI_block_2.0\interpolation\interpl_grid.h(25,17): warning C4267: 'return': conversion from 'size_t' to 'int', possible loss of data
E:\New folder\localCopy\FSTI_block_2.0\interpolation\interpl_grid.h(26,17): warning C4267: 'return': conversion from 'size_t' to 'int', possible loss of data
E:\New folder\localCopy\FSTI_block_2.0\FSTI_block_gap\p_file.h(4,11): fatal error C1083: Cannot open include file: 'gsl/gsl_errno.h': No such file or directory
  block_ode.cpp
E:\New folder\localCopy\FSTI_block_2.0\interpolation\interpl_grid.h(25,17): warning C4267: 'return': conversion from 'size_t' to 'int', possible loss of data
E:\New folder\localCopy\FSTI_block_2.0\interpolation\interpl_grid.h(26,17): warning C4267: 'return': conversion from 'size_t' to 'int', possible loss of data
E:\New folder\localCopy\FSTI_block_2.0\FSTI_block_gap\p_file.h(4,11): fatal error C1083: Cannot open include file: 'gsl/gsl_errno.h': No such file or directory
  energy.cpp
E:\New folder\localCopy\FSTI_block_2.0\interpolation\interpl_grid.h(25,17): warning C4267: 'return': conversion from 'size_t' to 'int', possible loss of data
E:\New folder\localCopy\FSTI_block_2.0\interpolation\interpl_grid.h(26,17): warning C4267: 'return': conversion from 'size_t' to 'int', possible loss of data
E:\New folder\localCopy\FSTI_block_2.0\FSTI_block_gap\p_file.h(4,11): fatal error C1083: Cannot open include file: 'gsl/gsl_errno.h': No such file or directory
  macro_geometry.cpp
E:\New folder\localCopy\FSTI_block_2.0\interpolation\interpl_grid.h(25,17): warning C4267: 'return': conversion from 'size_t' to 'int', possible loss of data
E:\New folder\localCopy\FSTI_block_2.0\interpolation\interpl_grid.h(26,17): warning C4267: 'return': conversion from 'size_t' to 'int', possible loss of data
E:\New folder\localCopy\FSTI_block_2.0\FSTI_block_gap\p_file.h(4,11): fatal error C1083: Cannot open include file: 'gsl/gsl_errno.h': No such file or directory
  p_file.cpp
E:\New folder\localCopy\FSTI_block_2.0\FSTI_block_gap\p_file.h(4,11): fatal error C1083: Cannot open include file: 'gsl/gsl_errno.h': No such file or directory
  reynolds.cpp
E:\New folder\localCopy\FSTI_block_2.0\interpolation\interpl_grid.h(25,17): warning C4267: 'return': conversion from 'size_t' to 'int', possible loss of data
E:\New folder\localCopy\FSTI_block_2.0\interpolation\interpl_grid.h(26,17): warning C4267: 'return': conversion from 'size_t' to 'int', possible loss of data
E:\New folder\localCopy\FSTI_block_2.0\FSTI_block_gap\p_file.h(4,11): fatal error C1083: Cannot open include file: 'gsl/gsl_errno.h': No such file or directory
  scalar_field.cpp
E:\New folder\localCopy\FSTI_block_2.0\FSTI_block_gap\scalar_field.cpp(5,11): fatal error C1083: Cannot open include file: 'gsl/gsl_errno.h': No such file or directory
  sforce.cpp
E:\New folder\localCopy\FSTI_block_2.0\FSTI_block_gap\sforce.h(5,11): fatal error C1083: Cannot open include file: 'gsl/gsl_errno.h': No such file or directory
