I:\LOCALCOPY\FSTI_BLOCK_2.0\FSTI_BLOCK_GAP\X64\RELEASE\BLOCK_GAP.OBJ
I:\LOCALCOPY\FSTI_BLOCK_2.0\FSTI_BLOCK_GAP\X64\RELEASE\BLOCK_GAP_MAIN.OBJ
I:\LOCALCOPY\FSTI_BLOCK_2.0\FSTI_BLOCK_GAP\X64\RELEASE\BLOCK_ODE.OBJ
I:\localCopy\FSTI_block_2.0\FSTI_block_gap\x64\Release\cl.command.1.tlog
I:\localCopy\FSTI_block_2.0\FSTI_block_gap\x64\Release\CL.read.1.tlog
I:\localCopy\FSTI_block_2.0\FSTI_block_gap\x64\Release\CL.write.1.tlog
I:\LOCALCOPY\FSTI_BLOCK_2.0\FSTI_BLOCK_GAP\X64\RELEASE\DC_SURF_MESH.OBJ
I:\LOCALCOPY\FSTI_BLOCK_2.0\FSTI_BLOCK_GAP\X64\RELEASE\ENERGY.OBJ
I:\localCopy\FSTI_block_2.0\FSTI_block_gap\x64\Release\FSTI_block_gap.write.1.tlog
I:\LOCALCOPY\FSTI_BLOCK_2.0\FSTI_BLOCK_GAP\X64\RELEASE\GAP_BOUNDARY.OBJ
I:\LOCALCOPY\FSTI_BLOCK_2.0\FSTI_BLOCK_GAP\X64\RELEASE\GAP_MESH.OBJ
I:\LOCALCOPY\FSTI_BLOCK_2.0\FSTI_BLOCK_GAP\X64\RELEASE\INFLU_SET.OBJ
I:\localCopy\FSTI_block_2.0\FSTI_block_gap\x64\Release\lib.command.1.tlog
I:\localCopy\FSTI_block_2.0\FSTI_block_gap\x64\Release\Lib-link.read.1.tlog
I:\localCopy\FSTI_block_2.0\FSTI_block_gap\x64\Release\Lib-link.write.1.tlog
I:\LOCALCOPY\FSTI_BLOCK_2.0\FSTI_BLOCK_GAP\X64\RELEASE\MACRO_GEOMETRY.OBJ
I:\LOCALCOPY\FSTI_BLOCK_2.0\FSTI_BLOCK_GAP\X64\RELEASE\OIL.OBJ
I:\LOCALCOPY\FSTI_BLOCK_2.0\FSTI_BLOCK_GAP\X64\RELEASE\P_FILE.OBJ
I:\LOCALCOPY\FSTI_BLOCK_2.0\FSTI_BLOCK_GAP\X64\RELEASE\REYNOLDS.OBJ
I:\LOCALCOPY\FSTI_BLOCK_2.0\FSTI_BLOCK_GAP\X64\RELEASE\SCALAR_FIELD.OBJ
I:\LOCALCOPY\FSTI_BLOCK_2.0\FSTI_BLOCK_GAP\X64\RELEASE\SFORCE.OBJ
I:\LOCALCOPY\FSTI_BLOCK_2.0\FSTI_BLOCK_GAP\X64\RELEASE\STL.OBJ
I:\LOCALCOPY\FSTI_BLOCK_2.0\FSTI_BLOCK_GAP\X64\RELEASE\VC100.PDB
I:\LOCALCOPY\FSTI_BLOCK_2.0\FSTI_BLOCK_GAP\X64\RELEASE\VECTOR_FIELD.OBJ
I:\LOCALCOPY\FSTI_BLOCK_2.0\X64\RELEASE\FSTI_BLOCK_GAP.LIB
