C:\FSTI\CASPAR\CASPAR_INPUT\DEBUG\BLOCKOPTIONS.OBJ
C:\FSTI\Caspar\caspar_input\Debug\caspar_input.write.1.tlog
C:\FSTI\Caspar\caspar_input\Debug\cl.command.1.tlog
C:\FSTI\Caspar\caspar_input\Debug\CL.read.1.tlog
C:\FSTI\Caspar\caspar_input\Debug\CL.write.1.tlog
C:\FSTI\CASPAR\CASPAR_INPUT\DEBUG\GEOMETRY.OBJ
C:\FSTI\CASPAR\CASPAR_INPUT\DEBUG\INPUT.OBJ
C:\FSTI\CASPAR\CASPAR_INPUT\DEBUG\INPUTFILE.OBJ
C:\FSTI\Caspar\caspar_input\Debug\lib.command.1.tlog
C:\FSTI\Caspar\caspar_input\Debug\Lib-link.read.1.tlog
C:\FSTI\Caspar\caspar_input\Debug\Lib-link.write.1.tlog
C:\FSTI\CASPAR\CASPAR_INPUT\DEBUG\LOGGER.OBJ
C:\FSTI\CASPAR\CASPAR_INPUT\DEBUG\LUBRICATIONMODULE.OBJ
C:\FSTI\CASPAR\CASPAR_INPUT\DEBUG\MATERIALS.OBJ
C:\FSTI\CASPAR\CASPAR_INPUT\DEBUG\OIL.OBJ
C:\FSTI\CASPAR\CASPAR_INPUT\DEBUG\OPERATINGCONDITIONS.OBJ
C:\FSTI\CASPAR\CASPAR_INPUT\DEBUG\PISTONOPTIONS.OBJ
C:\FSTI\CASPAR\CASPAR_INPUT\DEBUG\PMODULE.OBJ
C:\FSTI\CASPAR\CASPAR_INPUT\DEBUG\SECTION.OBJ
C:\FSTI\CASPAR\CASPAR_INPUT\DEBUG\SLIPPEROPTIONS.OBJ
C:\FSTI\CASPAR\CASPAR_INPUT\DEBUG\THERMALFILE.OBJ
C:\FSTI\Caspar\caspar_input\Debug\vc100.idb
C:\FSTI\CASPAR\CASPAR_INPUT\DEBUG\VC100.PDB
C:\FSTI\CASPAR\MAIN\DEBUG\CASPAR_INPUT.LIB
